[
    {
        "account_id": "800",
        "score": "0.10919076980402764",
        "transaction_id": "166594"
    },
    {
        "account_id": "801",
        "score": "0.5967225737195643",
        "transaction_id": "161700"
    },
    {
        "account_id": "802",
        "score": "0.8460108895306603",
        "transaction_id": "158250"
    },
    {
        "account_id": "803",
        "score": "0.8194192644356895",
        "transaction_id": "174427"
    },
    {
        "account_id": "804",
        "score": "0.4356648326886652",
        "transaction_id": "133051"
    },
    {
        "account_id": "805",
        "score": "0.08443494838906662",
        "transaction_id": "107909"
    },
    {
        "account_id": "806",
        "score": "0.1666807016060089",
        "transaction_id": "162973"
    },
    {
        "account_id": "807",
        "score": "0.09253789134863122",
        "transaction_id": "123818"
    },
    {
        "account_id": "808",
        "score": "0.912825300397208",
        "transaction_id": "115611"
    },
    {
        "account_id": "809",
        "score": "0.7083767819872616",
        "transaction_id": "121448"
    },
    {
        "account_id": "810",
        "score": "0.6440291790088379",
        "transaction_id": "198412"
    },
    {
        "account_id": "811",
        "score": "0.455762173159719",
        "transaction_id": "129000"
    },
    {
        "account_id": "812",
        "score": "0.9828169238354428",
        "transaction_id": "174524"
    },
    {
        "account_id": "813",
        "score": "0.5019685336235201",
        "transaction_id": "168717"
    },
    {
        "account_id": "814",
        "score": "0.5397983522504887",
        "transaction_id": "174376"
    },
    {
        "account_id": "815",
        "score": "0.2784888038814575",
        "transaction_id": "126936"
    },
    {
        "account_id": "816",
        "score": "0.9076507383686492",
        "transaction_id": "166975"
    },
    {
        "account_id": "817",
        "score": "0.05162273010331131",
        "transaction_id": "168499"
    },
    {
        "account_id": "818",
        "score": "0.1980269803483914",
        "transaction_id": "137376"
    },
    {
        "account_id": "819",
        "score": "0.6167546688575742",
        "transaction_id": "177200"
    },
    {
        "account_id": "820",
        "score": "0.18306081966050425",
        "transaction_id": "195515"
    },
    {
        "account_id": "821",
        "score": "0.7676293263711421",
        "transaction_id": "180264"
    },
    {
        "account_id": "822",
        "score": "0.9334275670134832",
        "transaction_id": "149027"
    },
    {
        "account_id": "823",
        "score": "0.26280773770265",
        "transaction_id": "137803"
    },
    {
        "account_id": "824",
        "score": "0.8509185773463178",
        "transaction_id": "166597"
    },
    {
        "account_id": "825",
        "score": "0.1373464868637787",
        "transaction_id": "106349"
    },
    {
        "account_id": "826",
        "score": "0.1607509190178864",
        "transaction_id": "145756"
    },
    {
        "account_id": "827",
        "score": "0.34680690363315503",
        "transaction_id": "132536"
    },
    {
        "account_id": "828",
        "score": "0.7907394507020801",
        "transaction_id": "169105"
    },
    {
        "account_id": "829",
        "score": "0.5440656014198217",
        "transaction_id": "197456"
    },
    {
        "account_id": "830",
        "score": "0.7272236606124557",
        "transaction_id": "172698"
    },
    {
        "account_id": "831",
        "score": "0.22921159604990005",
        "transaction_id": "160764"
    },
    {
        "account_id": "832",
        "score": "0.43734118782212095",
        "transaction_id": "106750"
    },
    {
        "account_id": "833",
        "score": "0.3581582049564909",
        "transaction_id": "126689"
    },
    {
        "account_id": "834",
        "score": "0.10769922114006704",
        "transaction_id": "162536"
    },
    {
        "account_id": "835",
        "score": "0.4535007486175287",
        "transaction_id": "178976"
    },
    {
        "account_id": "836",
        "score": "0.8456669059572789",
        "transaction_id": "138063"
    },
    {
        "account_id": "837",
        "score": "0.6336093124844798",
        "transaction_id": "146498"
    },
    {
        "account_id": "838",
        "score": "0.6333110897456714",
        "transaction_id": "141581"
    },
    {
        "account_id": "839",
        "score": "0.9628162336525607",
        "transaction_id": "136376"
    },
    {
        "account_id": "840",
        "score": "0.14231308681463128",
        "transaction_id": "152240"
    },
    {
        "account_id": "841",
        "score": "0.9788502894647172",
        "transaction_id": "189214"
    },
    {
        "account_id": "842",
        "score": "0.5638362755489602",
        "transaction_id": "181519"
    },
    {
        "account_id": "843",
        "score": "0.4271487930148435",
        "transaction_id": "188570"
    },
    {
        "account_id": "844",
        "score": "0.23220948050923595",
        "transaction_id": "179994"
    },
    {
        "account_id": "845",
        "score": "0.16914743674174626",
        "transaction_id": "154338"
    },
    {
        "account_id": "846",
        "score": "0.07198573701111799",
        "transaction_id": "188457"
    },
    {
        "account_id": "847",
        "score": "0.20762627207243667",
        "transaction_id": "171211"
    },
    {
        "account_id": "848",
        "score": "0.27220807586598184",
        "transaction_id": "130614"
    },
    {
        "account_id": "849",
        "score": "0.3257483967520751",
        "transaction_id": "115165"
    },
    {
        "account_id": "850",
        "score": "0.2237371648526157",
        "transaction_id": "192711"
    },
    {
        "account_id": "851",
        "score": "0.06293587502904617",
        "transaction_id": "133136"
    },
    {
        "account_id": "852",
        "score": "0.2491293143237721",
        "transaction_id": "130813"
    },
    {
        "account_id": "853",
        "score": "0.11390074574071565",
        "transaction_id": "187931"
    },
    {
        "account_id": "854",
        "score": "0.12263358782369847",
        "transaction_id": "126863"
    },
    {
        "account_id": "855",
        "score": "0.8869971498757567",
        "transaction_id": "196934"
    },
    {
        "account_id": "856",
        "score": "0.2718567960038557",
        "transaction_id": "189044"
    },
    {
        "account_id": "857",
        "score": "0.6169048225983178",
        "transaction_id": "104419"
    },
    {
        "account_id": "858",
        "score": "0.5146332819294289",
        "transaction_id": "189485"
    },
    {
        "account_id": "859",
        "score": "0.8602021236952668",
        "transaction_id": "124130"
    },
    {
        "account_id": "860",
        "score": "0.2537404939682396",
        "transaction_id": "127769"
    },
    {
        "account_id": "861",
        "score": "0.3795055125502725",
        "transaction_id": "171824"
    },
    {
        "account_id": "862",
        "score": "0.9690473657430202",
        "transaction_id": "175773"
    },
    {
        "account_id": "863",
        "score": "0.7078504844908936",
        "transaction_id": "121351"
    },
    {
        "account_id": "864",
        "score": "0.3282927457775309",
        "transaction_id": "176610"
    },
    {
        "account_id": "865",
        "score": "0.11456994817241052",
        "transaction_id": "171801"
    },
    {
        "account_id": "866",
        "score": "0.9525970963875948",
        "transaction_id": "110827"
    },
    {
        "account_id": "867",
        "score": "0.3529958105738545",
        "transaction_id": "188762"
    },
    {
        "account_id": "868",
        "score": "0.9801782135915238",
        "transaction_id": "193964"
    },
    {
        "account_id": "869",
        "score": "0.8604756419758244",
        "transaction_id": "167457"
    },
    {
        "account_id": "870",
        "score": "0.12574344078857158",
        "transaction_id": "121757"
    },
    {
        "account_id": "871",
        "score": "0.5616243759799717",
        "transaction_id": "132094"
    },
    {
        "account_id": "872",
        "score": "0.8658398050256803",
        "transaction_id": "177610"
    },
    {
        "account_id": "873",
        "score": "0.7347476557270166",
        "transaction_id": "107581"
    },
    {
        "account_id": "874",
        "score": "0.4775125941229421",
        "transaction_id": "120394"
    },
    {
        "account_id": "875",
        "score": "0.004844536016772372",
        "transaction_id": "127455"
    },
    {
        "account_id": "876",
        "score": "0.6670521971139581",
        "transaction_id": "185567"
    },
    {
        "account_id": "877",
        "score": "0.10583009537308774",
        "transaction_id": "129406"
    },
    {
        "account_id": "878",
        "score": "0.9003985129800646",
        "transaction_id": "105311"
    },
    {
        "account_id": "879",
        "score": "0.6205337377935359",
        "transaction_id": "186137"
    },
    {
        "account_id": "880",
        "score": "0.010616663284288784",
        "transaction_id": "104054"
    },
    {
        "account_id": "881",
        "score": "0.9474851417506344",
        "transaction_id": "141185"
    },
    {
        "account_id": "882",
        "score": "0.2890944132146943",
        "transaction_id": "160726"
    },
    {
        "account_id": "883",
        "score": "0.3583078624827377",
        "transaction_id": "131827"
    },
    {
        "account_id": "884",
        "score": "0.395127466390704",
        "transaction_id": "185017"
    },
    {
        "account_id": "885",
        "score": "0.50698244627009",
        "transaction_id": "107976"
    },
    {
        "account_id": "886",
        "score": "0.2145723036169883",
        "transaction_id": "140272"
    },
    {
        "account_id": "887",
        "score": "0.9559820901756646",
        "transaction_id": "116102"
    },
    {
        "account_id": "888",
        "score": "0.04529060523123096",
        "transaction_id": "124392"
    },
    {
        "account_id": "889",
        "score": "0.5152199990129079",
        "transaction_id": "138990"
    },
    {
        "account_id": "890",
        "score": "0.7503307749897689",
        "transaction_id": "179064"
    },
    {
        "account_id": "891",
        "score": "0.07641391619002069",
        "transaction_id": "132332"
    },
    {
        "account_id": "892",
        "score": "0.5807089154740922",
        "transaction_id": "185157"
    },
    {
        "account_id": "893",
        "score": "0.7459607202585065",
        "transaction_id": "142149"
    },
    {
        "account_id": "894",
        "score": "0.7397822160157103",
        "transaction_id": "162642"
    },
    {
        "account_id": "895",
        "score": "0.4261231615061",
        "transaction_id": "171464"
    },
    {
        "account_id": "896",
        "score": "0.7632929381588327",
        "transaction_id": "161011"
    },
    {
        "account_id": "897",
        "score": "0.6742213672395649",
        "transaction_id": "134971"
    },
    {
        "account_id": "898",
        "score": "0.8478114714762457",
        "transaction_id": "184929"
    },
    {
        "account_id": "899",
        "score": "0.3622025692241795",
        "transaction_id": "109553"
    },
    {
        "account_id": "900",
        "score": "0.22591323357408666",
        "transaction_id": "192360"
    },
    {
        "account_id": "901",
        "score": "0.20864351031750888",
        "transaction_id": "189290"
    },
    {
        "account_id": "902",
        "score": "0.3928050903893421",
        "transaction_id": "101081"
    },
    {
        "account_id": "903",
        "score": "0.9320992953721964",
        "transaction_id": "116372"
    },
    {
        "account_id": "904",
        "score": "0.8806949432187795",
        "transaction_id": "138621"
    },
    {
        "account_id": "905",
        "score": "0.5719360374180558",
        "transaction_id": "136472"
    },
    {
        "account_id": "906",
        "score": "0.7027149451556748",
        "transaction_id": "174565"
    },
    {
        "account_id": "907",
        "score": "0.8029089203749749",
        "transaction_id": "171058"
    },
    {
        "account_id": "908",
        "score": "0.3674945105689673",
        "transaction_id": "199758"
    },
    {
        "account_id": "909",
        "score": "0.015836191782509834",
        "transaction_id": "141322"
    },
    {
        "account_id": "910",
        "score": "0.30820551537248764",
        "transaction_id": "138283"
    },
    {
        "account_id": "911",
        "score": "0.3157101830507404",
        "transaction_id": "167322"
    },
    {
        "account_id": "912",
        "score": "0.4908017591853357",
        "transaction_id": "154201"
    },
    {
        "account_id": "913",
        "score": "0.8808941468765455",
        "transaction_id": "103198"
    },
    {
        "account_id": "914",
        "score": "0.11921054921807615",
        "transaction_id": "128893"
    },
    {
        "account_id": "915",
        "score": "0.7303522093251908",
        "transaction_id": "127858"
    },
    {
        "account_id": "916",
        "score": "0.9414890506057768",
        "transaction_id": "198119"
    },
    {
        "account_id": "917",
        "score": "0.2129501363388232",
        "transaction_id": "121371"
    },
    {
        "account_id": "918",
        "score": "0.7633847764938513",
        "transaction_id": "147060"
    },
    {
        "account_id": "919",
        "score": "0.5739159228789292",
        "transaction_id": "163640"
    },
    {
        "account_id": "920",
        "score": "0.16233245393778073",
        "transaction_id": "154977"
    },
    {
        "account_id": "921",
        "score": "0.5818178580412796",
        "transaction_id": "135095"
    },
    {
        "account_id": "922",
        "score": "0.40812078169576815",
        "transaction_id": "138308"
    },
    {
        "account_id": "923",
        "score": "0.2304269928839875",
        "transaction_id": "109397"
    },
    {
        "account_id": "924",
        "score": "0.6830208121288862",
        "transaction_id": "173438"
    },
    {
        "account_id": "925",
        "score": "0.5305480100381882",
        "transaction_id": "131589"
    },
    {
        "account_id": "926",
        "score": "0.1433664582629013",
        "transaction_id": "116715"
    },
    {
        "account_id": "927",
        "score": "0.5126197340057373",
        "transaction_id": "172256"
    },
    {
        "account_id": "928",
        "score": "0.7711480618437223",
        "transaction_id": "132120"
    },
    {
        "account_id": "929",
        "score": "0.8625731533431602",
        "transaction_id": "195178"
    },
    {
        "account_id": "930",
        "score": "0.20411330397520588",
        "transaction_id": "190378"
    },
    {
        "account_id": "931",
        "score": "0.5011451869445352",
        "transaction_id": "178731"
    },
    {
        "account_id": "932",
        "score": "0.5722738203433496",
        "transaction_id": "112613"
    },
    {
        "account_id": "933",
        "score": "0.6828143858762157",
        "transaction_id": "129582"
    },
    {
        "account_id": "934",
        "score": "0.48704920113846006",
        "transaction_id": "190564"
    },
    {
        "account_id": "935",
        "score": "0.1906175106218045",
        "transaction_id": "114740"
    },
    {
        "account_id": "936",
        "score": "0.0598247128359729",
        "transaction_id": "116553"
    },
    {
        "account_id": "937",
        "score": "0.9470999093339828",
        "transaction_id": "195804"
    },
    {
        "account_id": "938",
        "score": "0.6510381321540969",
        "transaction_id": "133435"
    },
    {
        "account_id": "939",
        "score": "0.7876394059934352",
        "transaction_id": "113109"
    },
    {
        "account_id": "940",
        "score": "0.9648987712257244",
        "transaction_id": "133192"
    },
    {
        "account_id": "941",
        "score": "0.5327393833361951",
        "transaction_id": "107244"
    },
    {
        "account_id": "942",
        "score": "0.3474476491277282",
        "transaction_id": "197699"
    },
    {
        "account_id": "943",
        "score": "0.03089729061419944",
        "transaction_id": "184136"
    },
    {
        "account_id": "944",
        "score": "0.9916117950131904",
        "transaction_id": "178564"
    },
    {
        "account_id": "945",
        "score": "0.6002844478828718",
        "transaction_id": "139043"
    },
    {
        "account_id": "946",
        "score": "0.8508111831576226",
        "transaction_id": "148693"
    },
    {
        "account_id": "947",
        "score": "0.7293963340946625",
        "transaction_id": "147776"
    },
    {
        "account_id": "948",
        "score": "0.7530366526598272",
        "transaction_id": "144228"
    },
    {
        "account_id": "949",
        "score": "0.9312375502322644",
        "transaction_id": "105067"
    },
    {
        "account_id": "950",
        "score": "0.3211637570366453",
        "transaction_id": "100614"
    },
    {
        "account_id": "951",
        "score": "0.2380951058372877",
        "transaction_id": "192705"
    },
    {
        "account_id": "952",
        "score": "0.9304566407890354",
        "transaction_id": "155504"
    },
    {
        "account_id": "953",
        "score": "0.8062582357410413",
        "transaction_id": "112817"
    },
    {
        "account_id": "954",
        "score": "0.7600426863940197",
        "transaction_id": "187985"
    },
    {
        "account_id": "955",
        "score": "0.596137773152269",
        "transaction_id": "177533"
    },
    {
        "account_id": "956",
        "score": "0.9767455198915386",
        "transaction_id": "146917"
    },
    {
        "account_id": "957",
        "score": "0.4727007540394511",
        "transaction_id": "145388"
    },
    {
        "account_id": "958",
        "score": "0.9673682323723888",
        "transaction_id": "125820"
    },
    {
        "account_id": "959",
        "score": "0.4462976585607291",
        "transaction_id": "140464"
    },
    {
        "account_id": "960",
        "score": "0.13869105899227852",
        "transaction_id": "180985"
    },
    {
        "account_id": "961",
        "score": "0.3184602216497536",
        "transaction_id": "161397"
    },
    {
        "account_id": "962",
        "score": "0.6915717910131383",
        "transaction_id": "182883"
    },
    {
        "account_id": "963",
        "score": "0.306704070979922",
        "transaction_id": "115622"
    },
    {
        "account_id": "964",
        "score": "0.08058511836656967",
        "transaction_id": "129776"
    },
    {
        "account_id": "965",
        "score": "0.25078177069769936",
        "transaction_id": "181630"
    },
    {
        "account_id": "966",
        "score": "0.009364358768600313",
        "transaction_id": "141979"
    },
    {
        "account_id": "967",
        "score": "0.4578741045262231",
        "transaction_id": "125199"
    },
    {
        "account_id": "968",
        "score": "0.11373944046631598",
        "transaction_id": "147741"
    },
    {
        "account_id": "969",
        "score": "0.35804024073770424",
        "transaction_id": "160220"
    },
    {
        "account_id": "970",
        "score": "0.7031909327630749",
        "transaction_id": "126177"
    },
    {
        "account_id": "971",
        "score": "0.4491699857618388",
        "transaction_id": "184897"
    },
    {
        "account_id": "972",
        "score": "0.2648304310473114",
        "transaction_id": "115196"
    },
    {
        "account_id": "973",
        "score": "0.7127604970992001",
        "transaction_id": "105279"
    },
    {
        "account_id": "974",
        "score": "0.9380311997503864",
        "transaction_id": "121473"
    },
    {
        "account_id": "975",
        "score": "0.7306676299519123",
        "transaction_id": "125387"
    },
    {
        "account_id": "976",
        "score": "0.2713353317652564",
        "transaction_id": "128161"
    },
    {
        "account_id": "977",
        "score": "0.31116794580772456",
        "transaction_id": "159128"
    },
    {
        "account_id": "978",
        "score": "0.8652665541758385",
        "transaction_id": "164231"
    },
    {
        "account_id": "979",
        "score": "0.3414805262234916",
        "transaction_id": "163810"
    },
    {
        "account_id": "980",
        "score": "0.31318107973198084",
        "transaction_id": "175079"
    },
    {
        "account_id": "981",
        "score": "0.41302801368031816",
        "transaction_id": "186837"
    },
    {
        "account_id": "982",
        "score": "0.8378819046956882",
        "transaction_id": "186290"
    },
    {
        "account_id": "983",
        "score": "0.346469055093254",
        "transaction_id": "138794"
    },
    {
        "account_id": "984",
        "score": "0.2433451790731206",
        "transaction_id": "168105"
    },
    {
        "account_id": "985",
        "score": "0.7786648256016501",
        "transaction_id": "152882"
    },
    {
        "account_id": "986",
        "score": "0.3859207103606662",
        "transaction_id": "182333"
    },
    {
        "account_id": "987",
        "score": "0.5818704849917083",
        "transaction_id": "171070"
    },
    {
        "account_id": "988",
        "score": "0.6223589487867197",
        "transaction_id": "176846"
    },
    {
        "account_id": "989",
        "score": "0.35246028886646996",
        "transaction_id": "159514"
    },
    {
        "account_id": "990",
        "score": "0.19537021248901645",
        "transaction_id": "195407"
    },
    {
        "account_id": "991",
        "score": "0.8529784725807215",
        "transaction_id": "170390"
    },
    {
        "account_id": "992",
        "score": "0.6190522233589673",
        "transaction_id": "146302"
    },
    {
        "account_id": "993",
        "score": "0.7679691395333218",
        "transaction_id": "131690"
    },
    {
        "account_id": "994",
        "score": "0.7544880443195204",
        "transaction_id": "186429"
    },
    {
        "account_id": "995",
        "score": "0.8407661646112627",
        "transaction_id": "144085"
    },
    {
        "account_id": "996",
        "score": "0.5669961305925056",
        "transaction_id": "144866"
    },
    {
        "account_id": "997",
        "score": "0.30115594687837",
        "transaction_id": "178349"
    },
    {
        "account_id": "998",
        "score": "0.3952396431650281",
        "transaction_id": "147930"
    },
    {
        "account_id": "999",
        "score": "0.2615007994086301",
        "transaction_id": "111584"
    }
]
